current directory: /var/task/jekyll-builder/jekyll-builder/vendor/bundle/ruby/2.5.0/gems/eventmachine-1.2.7/ext/fastfilereader
/var/lang/bin/ruby -I /var/lang/lib/ruby/site_ruby/2.5.0 -r ./siteconf20190428-1138-3971v6.rb extconf.rb
creating Makefile

current directory: /var/task/jekyll-builder/jekyll-builder/vendor/bundle/ruby/2.5.0/gems/eventmachine-1.2.7/ext/fastfilereader
make "DESTDIR=" clean

current directory: /var/task/jekyll-builder/jekyll-builder/vendor/bundle/ruby/2.5.0/gems/eventmachine-1.2.7/ext/fastfilereader
make "DESTDIR="
compiling mapper.cpp
cc1plus: warning: command line option ‘-Wimplicit-int’ is valid for C/ObjC but not for C++ [enabled by default]
cc1plus: warning: command line option ‘-Wdeclaration-after-statement’ is valid for C/ObjC but not for C++ [enabled by default]
cc1plus: warning: command line option ‘-Wimplicit-function-declaration’ is valid for C/ObjC but not for C++ [enabled by default]
cc1plus: warning: unrecognized command line option "-Wno-self-assign" [enabled by default]
cc1plus: warning: unrecognized command line option "-Wno-constant-logical-operand" [enabled by default]
cc1plus: warning: unrecognized command line option "-Wno-parentheses-equality" [enabled by default]
cc1plus: warning: unrecognized command line option "-Wno-tautological-compare" [enabled by default]
compiling rubymain.cpp
cc1plus: warning: command line option ‘-Wimplicit-int’ is valid for C/ObjC but not for C++ [enabled by default]
cc1plus: warning: command line option ‘-Wdeclaration-after-statement’ is valid for C/ObjC but not for C++ [enabled by default]
cc1plus: warning: command line option ‘-Wimplicit-function-declaration’ is valid for C/ObjC but not for C++ [enabled by default]
cc1plus: warning: unrecognized command line option "-Wno-self-assign" [enabled by default]
cc1plus: warning: unrecognized command line option "-Wno-constant-logical-operand" [enabled by default]
cc1plus: warning: unrecognized command line option "-Wno-parentheses-equality" [enabled by default]
cc1plus: warning: unrecognized command line option "-Wno-tautological-compare" [enabled by default]
linking shared-object fastfilereaderext.so

current directory: /var/task/jekyll-builder/jekyll-builder/vendor/bundle/ruby/2.5.0/gems/eventmachine-1.2.7/ext/fastfilereader
make "DESTDIR=" install
/usr/bin/install -c -m 0755 fastfilereaderext.so ./.gem.20190428-1138-1qon175
